= Host information =============================================================
$> hostname; uname -msr
e3r13p13.42.fr
Darwin 13.0.0 x86_64

$> date
Tue Sep  9 17:41:56 CEST 2014

$> gcc --version
gcc (GCC) 4.9.0 20131215 (experimental)
Copyright (C) 2013 Free Software Foundation, Inc.
This is free software; see the source for copying conditions.  There is NO
warranty; not even for MERCHANTABILITY or FITNESS FOR A PARTICULAR PURPOSE.

$> clang --version
Apple LLVM version 5.0 (clang-500.2.79) (based on LLVM 3.3svn)
Target: x86_64-apple-darwin13.0.0
Thread model: posix

= ex00 =========================================================================
total 8
-rw-r--r--  1 nobody  wheel  1264 Sep  9 17:41 Makefile
drwxr-xr-x  3 nobody  wheel   102 Aug 25 11:21 includes
drwxr-xr-x  7 nobody  wheel   238 Aug 25 11:21 srcs
rm -f ft_putchar.o ft_putstr.o ft_strcmp.o ft_strlen.o ft_swap.o
gcc -c srcs/ft_putchar.c srcs/ft_putstr.c srcs/ft_strcmp.c srcs/ft_strlen.c srcs/ft_swap.c
ar rc libft.a includes/ft.h ft_putchar.o ft_putstr.o ft_strcmp.o ft_strlen.o ft_swap.o
ranlib libft.a
rm -f ft_putchar.o ft_putstr.o ft_strcmp.o ft_strlen.o ft_swap.o
rm -f libft.a
gcc -c srcs/ft_putchar.c srcs/ft_putstr.c srcs/ft_strcmp.c srcs/ft_strlen.c srcs/ft_swap.c
ar rc libft.a includes/ft.h ft_putchar.o ft_putstr.o ft_strcmp.o ft_strlen.o ft_swap.o
ranlib libft.a
rm -f ft_putchar.o ft_putstr.o ft_strcmp.o ft_strlen.o ft_swap.o
rm -f libft.a
gcc -c srcs/ft_putchar.c srcs/ft_putstr.c srcs/ft_strcmp.c srcs/ft_strlen.c srcs/ft_swap.c
ar rc libft.a includes/ft.h ft_putchar.o ft_putstr.o ft_strcmp.o ft_strlen.o ft_swap.o
ranlib libft.a
-rw-r--r--  1 nobody  wheel  3840 Sep  9 17:41 libft.a

Grade: 2

= ex01 =========================================================================
$> /usr/bin/norminette  ft_foreach.c | grep -E '^(Error|Warning)'

$> gcc -W -Wall -Werror ft_foreach.c test_ft_foreach.c -o user_exe 

= Test 1 ===================================================
$> ./8u61k5mh8xdv0a6xefdwn82z
$> diff -U 3 user_output_test1 test1.output | cat -e

Diff OK :D
Grade: 2

= ex02 =========================================================================
$> /usr/bin/norminette  ft_map.c | grep -E '^(Error|Warning)'

$> gcc -W -Wall -Werror ft_map.c test_ft_map.c -o user_exe 

= Test 1 ===================================================
$> ./ypcxtr6j6leedfrtsss7f0zt
$> diff -U 3 user_output_test1 test1.output | cat -e

Diff OK :D
Grade: 2

= ex03 =========================================================================
$> /usr/bin/norminette  ft_any.c | grep -E '^(Error|Warning)'

$> gcc -W -Wall -Werror ft_any.c test_ft_any.c -o user_exe 

= Test 1 ===================================================
$> ./sey5pszdb53joyle64uo1sdm
$> diff -U 3 user_output_test1 test1.output | cat -e

Diff OK :D
Grade: 2

= ex04 =========================================================================
$> /usr/bin/norminette  ft_count_if.c | grep -E '^(Error|Warning)'

$> gcc -W -Wall -Werror ft_count_if.c test_ft_count_if.c -o user_exe 

= Test 1 ===================================================
$> ./14bfnv5s2fnhxcuf9cijpdi2
$> diff -U 3 user_output_test1 test1.output | cat -e

Diff OK :D
Grade: 2

= ex05 =========================================================================
Nothing turned in
Grade: 0

= ex06 =========================================================================
Nothing turned in
Grade: 0

= ex07 =========================================================================
Nothing turned in
Grade: 0

= ex08 =========================================================================
Nothing turned in
Grade: 0

= ex09 =========================================================================
Nothing turned in
Grade: 0

= Final grade : 10 =============================================================
