= Host information =============================================================
$> hostname; uname -msr
e2r1p9.42.fr
Darwin 13.0.0 x86_64

$> date
Fri Sep 19 15:39:08 CEST 2014

$> gcc --version
gcc (GCC) 4.9.0 20131215 (experimental)
Copyright (C) 2013 Free Software Foundation, Inc.
This is free software; see the source for copying conditions.  There is NO
warranty; not even for MERCHANTABILITY or FITNESS FOR A PARTICULAR PURPOSE.

$> clang --version
Apple LLVM version 5.0 (clang-500.2.79) (based on LLVM 3.3svn)
Target: x86_64-apple-darwin13.0.0
Thread model: posix

= auteur =======================================================================
Good 'auteur' file
Grade: 0

= aff_z ========================================================================
$> gcc -W -Wall -Werror aff_z.c -o user_exe 

= Test 1 ===================================================
$> ./w9m2f38enve3x2tk1rby9jcs test1.prm
$> diff -U 3 user_output_test1 test1.output | cat -e
--- user_output_test1	2014-09-19 15:39:08.000000000 +0200$
+++ test1.output	2014-09-19 15:39:08.000000000 +0200$
@@ -1 +1 @@$
-Z$
+z$

Diff KO :(
Grade: 0

= maff_alpha ===================================================================
$> gcc -W -Wall -Werror maff_alpha.c -o user_exe 

= Test 1 ===================================================
$> ./tt2eenhqtpzkfm2z17l6ou8i test1.prm
$> diff -U 3 user_output_test1 test1.output | cat -e

Diff OK :D
Grade: 4

= hidenp =======================================================================
$> gcc -W -Wall -Werror hidenp.c -o user_exe 

= Test 1 ===================================================
$> ./zwp3fga75woepmdf0pjlradr "abc" "a"
$> diff -U 3 user_output_test1 test1.output | cat -e

Diff OK :D
= Test 2 ===================================================
$> ./ydrcpidjagg0iggmn78w750p "" "abc"
$> diff -U 3 user_output_test2 test2.output | cat -e

Diff OK :D
= Test 3 ===================================================
$> ./30eiywz9vg5juf8a4hi1zdkz "abc" ""
$> diff -U 3 user_output_test3 test3.output | cat -e

Diff OK :D
= Test 4 ===================================================
$> ./rawtwjdezp0lhtu8ck54eevm "abc" "abc"
$> diff -U 3 user_output_test4 test4.output | cat -e

Diff OK :D
= Test 5 ===================================================
$> ./hqurpspg46jah5oayina4hkg "abc" "adbc"
$> diff -U 3 user_output_test5 test5.output | cat -e

Diff OK :D
= Test 6 ===================================================
$> ./exvs6sxw3lvyfp7kd2a9lue4 "abc" "adcb"
$> diff -U 3 user_output_test6 test6.output | cat -e

Diff OK :D
= Test 7 ===================================================
$> ./0b0261jas1l2spcbn84f0kr5 "abc" "adcbjgieuwhc"
$> diff -U 3 user_output_test7 test7.output | cat -e

Diff OK :D
= Test 8 ===================================================
$> ./psy0x19z71pesicmr2t5aece "abc" "adbcd"
$> diff -U 3 user_output_test8 test8.output | cat -e

Diff OK :D
= Test 9 ===================================================
$> ./05goc3ix9nmu7n6usorraf60 "abc" "abababababababab"
$> diff -U 3 user_output_test9 test9.output | cat -e

Diff OK :D
= Test 10 ==================================================
$> ./a120ol9uzqpbgpvpgg1jlajf "zzzzzz" "z"
$> diff -U 3 user_output_test10 test10.output | cat -e

Diff OK :D
= Test 11 ==================================================
$> ./x5xcddv93s577dsuo0x9puwi "zzzzzz" "zzzz"
$> diff -U 3 user_output_test11 test11.output | cat -e

Diff OK :D
= Test 12 ==================================================
$> ./al70hwf822vidsuujahzm2hh "zzzzzz" "azzzzzzzzzzzzz"
$> diff -U 3 user_output_test12 test12.output | cat -e

Diff OK :D
Grade: 5

= ft_strdup ====================================================================
$> gcc -W -Wall -Werror ft_strdup.c main.c -o user_exe 

= Test 1 ===================================================
$> ./ncyfx29udbz5b4ymbh48otib
$> diff -U 3 user_output_test1 test1.output | cat -e

Diff OK :D
Grade: 5

= ft_list_remove_if ============================================================
$> gcc -W -Wall -Werror ft_list_remove_if.c test_ft_list_remove_if.c ft_create_elem.c -o user_exe 

= Test 1 ===================================================
$> ./gk5uqseed7athirqe8gvbxb9
Command './gk5uqseed7athirqe8gvbxb9' got killed by a Segmentation fault (Signal -11)
Grade: 0

= time_lord ====================================================================
Nothing turned in
Grade: 0

= death_race ===================================================================
Nothing turned in
Grade: 0

= hl3 ==========================================================================
Nothing turned in
Grade: 0

= Final grade : 0 ==============================================================
